<?xml version="1.0" encoding="UTF-8"?>
<testsuite xmlns:xsi="http://www.w3.org/2001/XMLSchema-instance" xsi:noNamespaceSchemaLocation="https://maven.apache.org/surefire/maven-surefire-plugin/xsd/surefire-test-report.xsd" name="net.barakiroth.lombokwithvalidations.domain.MyDataObjectUnitTest" time="0.055" tests="2" errors="0" skipped="0" failures="0">
  <properties>
[...]
</properties>
  <testcase name="when_created_with_one_validation_and_that_is_satisfied_then_no_exceptions_should_be_thrown" classname="net.barakiroth.lombokwithvalidations.domain.MyDataObjectUnitTest" time="0.045"/>
  <testcase name="when_created_with_no_validation_then_no_exceptions_should_be_thrown" classname="net.barakiroth.lombokwithvalidations.domain.MyDataObjectUnitTest" time="0"/>
</testsuite>